<?xml version="1.0" encoding="UTF-8"?>
<testsuite xmlns:xsi="http://www.w3.org/2001/XMLSchema-instance" xsi:noNamespaceSchemaLocation="https://maven.apache.org/surefire/maven-surefire-plugin/xsd/surefire-test-report-3.0.xsd" version="3.0" name="DomainLayer.SupplyServices.ExternalSupplyServicesTests" time="0.683" tests="5" errors="0" skipped="0" failures="0">
  <properties>
    <property name="java.specification.version" value="18"/>
    <property name="sun.cpu.isalist" value="amd64"/>
    <property name="sun.jnu.encoding" value="Cp1255"/>
    <property name="java.class.path" value="C:\Users\david\Desktop\Semesters\SemesterF\sadna\work_git\The-Market\target\test-classes;C:\Users\david\Desktop\Semesters\SemesterF\sadna\work_git\The-Market\target\classes;C:\Users\david\.m2\repository\io\jsonwebtoken\jjwt-api\0.12.2\jjwt-api-0.12.2.jar;C:\Users\david\.m2\repository\io\jsonwebtoken\jjwt-impl\0.12.2\jjwt-impl-0.12.2.jar;C:\Users\david\.m2\repository\io\jsonwebtoken\jjwt-jackson\0.12.2\jjwt-jackson-0.12.2.jar;C:\Users\david\.m2\repository\com\fasterxml\jackson\core\jackson-databind\2.12.7.1\jackson-databind-2.12.7.1.jar;C:\Users\david\.m2\repository\com\fasterxml\jackson\core\jackson-annotations\2.12.7\jackson-annotations-2.12.7.jar;C:\Users\david\.m2\repository\com\fasterxml\jackson\core\jackson-core\2.12.7\jackson-core-2.12.7.jar;C:\Users\david\.m2\repository\org\slf4j\slf4j-api\1.7.36\slf4j-api-1.7.36.jar;C:\Users\david\.m2\repository\ch\qos\logback\logback-classic\1.2.11\logback-classic-1.2.11.jar;C:\Users\david\.m2\repository\ch\qos\logback\logback-core\1.2.11\logback-core-1.2.11.jar;C:\Users\david\.m2\repository\org\junit\jupiter\junit-jupiter\5.8.2\junit-jupiter-5.8.2.jar;C:\Users\david\.m2\repository\org\junit\jupiter\junit-jupiter-api\5.8.2\junit-jupiter-api-5.8.2.jar;C:\Users\david\.m2\repository\org\opentest4j\opentest4j\1.2.0\opentest4j-1.2.0.jar;C:\Users\david\.m2\repository\org\junit\platform\junit-platform-commons\1.8.2\junit-platform-commons-1.8.2.jar;C:\Users\david\.m2\repository\org\apiguardian\apiguardian-api\1.1.2\apiguardian-api-1.1.2.jar;C:\Users\david\.m2\repository\org\junit\jupiter\junit-jupiter-params\5.8.2\junit-jupiter-params-5.8.2.jar;C:\Users\david\.m2\repository\org\junit\jupiter\junit-jupiter-engine\5.8.2\junit-jupiter-engine-5.8.2.jar;C:\Users\david\.m2\repository\org\junit\platform\junit-platform-engine\1.8.2\junit-platform-engine-1.8.2.jar;C:\Users\david\.m2\repository\org\mockito\mockito-core\3.12.4\mockito-core-3.12.4.jar;C:\Users\david\.m2\repository\net\bytebuddy\byte-buddy\1.11.13\byte-buddy-1.11.13.jar;C:\Users\david\.m2\repository\net\bytebuddy\byte-buddy-agent\1.11.13\byte-buddy-agent-1.11.13.jar;C:\Users\david\.m2\repository\org\objenesis\objenesis\3.2\objenesis-3.2.jar;"/>
    <property name="java.vm.vendor" value="Oracle Corporation"/>
    <property name="sun.arch.data.model" value="64"/>
    <property name="user.variant" value=""/>
    <property name="java.vendor.url" value="https://java.oracle.com/"/>
    <property name="user.timezone" value="Asia/Jerusalem"/>
    <property name="os.name" value="Windows 10"/>
    <property name="java.vm.specification.version" value="18"/>
    <property name="sun.java.launcher" value="SUN_STANDARD"/>
    <property name="user.country" value="IL"/>
    <property name="sun.boot.library.path" value="C:\Program Files\Java\jdk-18.0.1.1\bin"/>
    <property name="sun.java.command" value="C:\Users\david\AppData\Local\Temp\surefire8004196837009725615\surefirebooter-20240525201938168_3.jar C:\Users\david\AppData\Local\Temp\surefire8004196837009725615 2024-05-25T20-19-37_858-jvmRun1 surefire-20240525201938168_1tmp surefire_0-20240525201938168_2tmp"/>
    <property name="jdk.debug" value="release"/>
    <property name="surefire.test.class.path" value="C:\Users\david\Desktop\Semesters\SemesterF\sadna\work_git\The-Market\target\test-classes;C:\Users\david\Desktop\Semesters\SemesterF\sadna\work_git\The-Market\target\classes;C:\Users\david\.m2\repository\io\jsonwebtoken\jjwt-api\0.12.2\jjwt-api-0.12.2.jar;C:\Users\david\.m2\repository\io\jsonwebtoken\jjwt-impl\0.12.2\jjwt-impl-0.12.2.jar;C:\Users\david\.m2\repository\io\jsonwebtoken\jjwt-jackson\0.12.2\jjwt-jackson-0.12.2.jar;C:\Users\david\.m2\repository\com\fasterxml\jackson\core\jackson-databind\2.12.7.1\jackson-databind-2.12.7.1.jar;C:\Users\david\.m2\repository\com\fasterxml\jackson\core\jackson-annotations\2.12.7\jackson-annotations-2.12.7.jar;C:\Users\david\.m2\repository\com\fasterxml\jackson\core\jackson-core\2.12.7\jackson-core-2.12.7.jar;C:\Users\david\.m2\repository\org\slf4j\slf4j-api\1.7.36\slf4j-api-1.7.36.jar;C:\Users\david\.m2\repository\ch\qos\logback\logback-classic\1.2.11\logback-classic-1.2.11.jar;C:\Users\david\.m2\repository\ch\qos\logback\logback-core\1.2.11\logback-core-1.2.11.jar;C:\Users\david\.m2\repository\org\junit\jupiter\junit-jupiter\5.8.2\junit-jupiter-5.8.2.jar;C:\Users\david\.m2\repository\org\junit\jupiter\junit-jupiter-api\5.8.2\junit-jupiter-api-5.8.2.jar;C:\Users\david\.m2\repository\org\opentest4j\opentest4j\1.2.0\opentest4j-1.2.0.jar;C:\Users\david\.m2\repository\org\junit\platform\junit-platform-commons\1.8.2\junit-platform-commons-1.8.2.jar;C:\Users\david\.m2\repository\org\apiguardian\apiguardian-api\1.1.2\apiguardian-api-1.1.2.jar;C:\Users\david\.m2\repository\org\junit\jupiter\junit-jupiter-params\5.8.2\junit-jupiter-params-5.8.2.jar;C:\Users\david\.m2\repository\org\junit\jupiter\junit-jupiter-engine\5.8.2\junit-jupiter-engine-5.8.2.jar;C:\Users\david\.m2\repository\org\junit\platform\junit-platform-engine\1.8.2\junit-platform-engine-1.8.2.jar;C:\Users\david\.m2\repository\org\mockito\mockito-core\3.12.4\mockito-core-3.12.4.jar;C:\Users\david\.m2\repository\net\bytebuddy\byte-buddy\1.11.13\byte-buddy-1.11.13.jar;C:\Users\david\.m2\repository\net\bytebuddy\byte-buddy-agent\1.11.13\byte-buddy-agent-1.11.13.jar;C:\Users\david\.m2\repository\org\objenesis\objenesis\3.2\objenesis-3.2.jar;"/>
    <property name="sun.cpu.endian" value="little"/>
    <property name="user.home" value="C:\Users\david"/>
    <property name="user.language" value="he"/>
    <property name="java.specification.vendor" value="Oracle Corporation"/>
    <property name="java.version.date" value="2022-04-22"/>
    <property name="java.home" value="C:\Program Files\Java\jdk-18.0.1.1"/>
    <property name="file.separator" value="\"/>
    <property name="basedir" value="C:\Users\david\Desktop\Semesters\SemesterF\sadna\work_git\The-Market"/>
    <property name="java.vm.compressedOopsMode" value="Zero based"/>
    <property name="line.separator" value="&#10;"/>
    <property name="java.vm.specification.vendor" value="Oracle Corporation"/>
    <property name="java.specification.name" value="Java Platform API Specification"/>
    <property name="surefire.real.class.path" value="C:\Users\david\AppData\Local\Temp\surefire8004196837009725615\surefirebooter-20240525201938168_3.jar"/>
    <property name="user.script" value=""/>
    <property name="sun.management.compiler" value="HotSpot 64-Bit Tiered Compilers"/>
    <property name="java.runtime.version" value="18.0.1.1+2-6"/>
    <property name="user.name" value="david"/>
    <property name="path.separator" value=";"/>
    <property name="os.version" value="10.0"/>
    <property name="java.runtime.name" value="Java(TM) SE Runtime Environment"/>
    <property name="file.encoding" value="UTF-8"/>
    <property name="java.vm.name" value="Java HotSpot(TM) 64-Bit Server VM"/>
    <property name="localRepository" value="C:\Users\david\.m2\repository"/>
    <property name="java.vendor.url.bug" value="https://bugreport.java.com/bugreport/"/>
    <property name="java.io.tmpdir" value="C:\Users\david\AppData\Local\Temp\"/>
    <property name="java.version" value="18.0.1.1"/>
    <property name="user.dir" value="C:\Users\david\Desktop\Semesters\SemesterF\sadna\work_git\The-Market"/>
    <property name="os.arch" value="amd64"/>
    <property name="java.vm.specification.name" value="Java Virtual Machine Specification"/>
    <property name="sun.os.patch.level" value=""/>
    <property name="native.encoding" value="Cp1255"/>
    <property name="java.library.path" value="C:\Program Files\Java\jdk-18.0.1.1\bin;C:\windows\Sun\Java\bin;C:\windows\system32;C:\windows;C:\Program Files\PowerShell\7;C:\Python311\Scripts\;C:\Python311\;&quot;;C:\Program Files\Java\jdk-18.0.1.1\bin&quot;;C:\Program Files\Java\jdk-18.0.1.1\bin;C:\Program Files\Java\jdk-18.0.1.1\bin;C:\Program Files\dotnet\;C:\Program Files\nodejs\;C:\ProgramData\chocolatey\bin;C:\Program Files\Git\cmd;C:\Program Files\Git\usr\bin\ssh-keygen.exe;C:\Program Files\Git\bin\cat.exe;C:\Windows\System32;C:\Users\david\Downloads;C:\Program Files\WindowsPowerShell;C:\Program Files\WindowsApps\Microsoft.DesktopAppInstaller_1.20.2201.0_x64__8wekyb3d8bbwe;C:\Users\david\AppData\Roaming\pypoetry;C:\Users\david\AppData\Roaming\pypoetry\venv\Scripts;C:\Program Files\HP\HP One Agent;C:\Program Files\PowerShell\7\;C:\Program Files\Docker\Docker\resources\bin;C:\Program Files\Maven\apache-maven-3.9.6;C:\Program Files\Maven\apache-maven-3.9.6\bin;C:\Users\david\.pyenv\pyenv-win\bin;C:\Users\david\.pyenv\pyenv-win\shims;&quot;C:\Program Files\Java\jdk-18.0.1.1\bin;&quot;;C:\Users\david\AppData\Roaming\npm;C:\Users\david\AppData\Local\Programs\Microsoft VS Code\bin;C:\Program Files\Git\usr\bin\ssh-keygen.exe;C:\Windows\System32\clip.exe;C:\Program Files\Git\bin\cat.exe;C:\Windows\System32\chcp.exe;C:\Windows\System32\cscript.exe;C:\Windows\System32;C:\Users\david\Downloads;C:\Program Files\WindowsPowerShell;C:\Program Files\WindowsApps\Microsoft.DesktopAppInstaller_1.20.2201.0_x64__8wekyb3d8bbwe;C:\Users\david\AppData\Roaming\pypoetry;C:\Users\david\AppData\Roaming\pypoetry\venv\Scripts;;C:\Program Files\JetBrains\PyCharm 2024.1\bin;;."/>
    <property name="java.vm.info" value="mixed mode, sharing"/>
    <property name="java.vendor" value="Oracle Corporation"/>
    <property name="java.vm.version" value="18.0.1.1+2-6"/>
    <property name="sun.io.unicode.encoding" value="UnicodeLittle"/>
    <property name="java.class.version" value="62.0"/>
  </properties>
  <testcase name="testCheckAreaAvailability_CityNotAvailable" classname="DomainLayer.SupplyServices.ExternalSupplyServicesTests" time="0.651"/>
  <testcase name="testCheckAreaAvailability_CountryNotAvailable" classname="DomainLayer.SupplyServices.ExternalSupplyServicesTests" time="0.0"/>
  <testcase name="testCreateShiftingDetails" classname="DomainLayer.SupplyServices.ExternalSupplyServicesTests" time="0.016"/>
  <testcase name="testCheckAreaAvailability_AreaAvailable" classname="DomainLayer.SupplyServices.ExternalSupplyServicesTests" time="0.0"/>
  <testcase name="testGetLicensedDealerNumber" classname="DomainLayer.SupplyServices.ExternalSupplyServicesTests" time="0.0"/>
</testsuite>