<?xml version="1.0" encoding="UTF-8"?>
<testsuite xmlns:xsi="http://www.w3.org/2001/XMLSchema-instance" xsi:noNamespaceSchemaLocation="https://maven.apache.org/surefire/maven-surefire-plugin/xsd/surefire-test-report.xsd" name="DomainLayer.Store.StoreTest" time="0.038" tests="13" errors="0" skipped="0" failures="0">
  <properties>
    <property name="java.specification.version" value="18"/>
    <property name="sun.cpu.isalist" value="amd64"/>
    <property name="sun.jnu.encoding" value="Cp1255"/>
    <property name="java.class.path" value="C:\Users\david\Desktop\Semesters\SemesterF\sadna\work_git\The-Market\target\test-classes;C:\Users\david\Desktop\Semesters\SemesterF\sadna\work_git\The-Market\target\classes;C:\Users\david\.m2\repository\io\jsonwebtoken\jjwt-api\0.12.2\jjwt-api-0.12.2.jar;C:\Users\david\.m2\repository\io\jsonwebtoken\jjwt-impl\0.12.2\jjwt-impl-0.12.2.jar;C:\Users\david\.m2\repository\io\jsonwebtoken\jjwt-jackson\0.12.2\jjwt-jackson-0.12.2.jar;C:\Users\david\.m2\repository\com\fasterxml\jackson\core\jackson-databind\2.14.1\jackson-databind-2.14.1.jar;C:\Users\david\.m2\repository\com\fasterxml\jackson\core\jackson-annotations\2.14.1\jackson-annotations-2.14.1.jar;C:\Users\david\.m2\repository\org\springframework\boot\spring-boot-starter-web\3.0.0\spring-boot-starter-web-3.0.0.jar;C:\Users\david\.m2\repository\org\springframework\boot\spring-boot-starter\3.0.0\spring-boot-starter-3.0.0.jar;C:\Users\david\.m2\repository\org\springframework\boot\spring-boot\3.0.0\spring-boot-3.0.0.jar;C:\Users\david\.m2\repository\org\springframework\boot\spring-boot-autoconfigure\3.0.0\spring-boot-autoconfigure-3.0.0.jar;C:\Users\david\.m2\repository\org\springframework\boot\spring-boot-starter-logging\3.0.0\spring-boot-starter-logging-3.0.0.jar;C:\Users\david\.m2\repository\ch\qos\logback\logback-classic\1.4.5\logback-classic-1.4.5.jar;C:\Users\david\.m2\repository\ch\qos\logback\logback-core\1.4.5\logback-core-1.4.5.jar;C:\Users\david\.m2\repository\org\apache\logging\log4j\log4j-to-slf4j\2.19.0\log4j-to-slf4j-2.19.0.jar;C:\Users\david\.m2\repository\org\slf4j\jul-to-slf4j\2.0.4\jul-to-slf4j-2.0.4.jar;C:\Users\david\.m2\repository\jakarta\annotation\jakarta.annotation-api\2.1.1\jakarta.annotation-api-2.1.1.jar;C:\Users\david\.m2\repository\org\yaml\snakeyaml\1.33\snakeyaml-1.33.jar;C:\Users\david\.m2\repository\org\springframework\boot\spring-boot-starter-json\3.0.0\spring-boot-starter-json-3.0.0.jar;C:\Users\david\.m2\repository\com\fasterxml\jackson\datatype\jackson-datatype-jdk8\2.14.1\jackson-datatype-jdk8-2.14.1.jar;C:\Users\david\.m2\repository\com\fasterxml\jackson\datatype\jackson-datatype-jsr310\2.14.1\jackson-datatype-jsr310-2.14.1.jar;C:\Users\david\.m2\repository\com\fasterxml\jackson\module\jackson-module-parameter-names\2.14.1\jackson-module-parameter-names-2.14.1.jar;C:\Users\david\.m2\repository\org\springframework\boot\spring-boot-starter-tomcat\3.0.0\spring-boot-starter-tomcat-3.0.0.jar;C:\Users\david\.m2\repository\org\apache\tomcat\embed\tomcat-embed-core\10.1.1\tomcat-embed-core-10.1.1.jar;C:\Users\david\.m2\repository\org\apache\tomcat\embed\tomcat-embed-el\10.1.1\tomcat-embed-el-10.1.1.jar;C:\Users\david\.m2\repository\org\apache\tomcat\embed\tomcat-embed-websocket\10.1.1\tomcat-embed-websocket-10.1.1.jar;C:\Users\david\.m2\repository\org\springframework\spring-web\6.0.2\spring-web-6.0.2.jar;C:\Users\david\.m2\repository\org\springframework\spring-beans\6.0.2\spring-beans-6.0.2.jar;C:\Users\david\.m2\repository\org\springframework\spring-webmvc\6.0.2\spring-webmvc-6.0.2.jar;C:\Users\david\.m2\repository\org\springframework\spring-aop\6.0.2\spring-aop-6.0.2.jar;C:\Users\david\.m2\repository\org\springframework\spring-expression\6.0.2\spring-expression-6.0.2.jar;C:\Users\david\.m2\repository\org\springframework\boot\spring-boot-starter-data-jpa\3.0.0\spring-boot-starter-data-jpa-3.0.0.jar;C:\Users\david\.m2\repository\org\springframework\boot\spring-boot-starter-aop\3.0.0\spring-boot-starter-aop-3.0.0.jar;C:\Users\david\.m2\repository\org\aspectj\aspectjweaver\1.9.9.1\aspectjweaver-1.9.9.1.jar;C:\Users\david\.m2\repository\org\springframework\boot\spring-boot-starter-jdbc\3.0.0\spring-boot-starter-jdbc-3.0.0.jar;C:\Users\david\.m2\repository\com\zaxxer\HikariCP\5.0.1\HikariCP-5.0.1.jar;C:\Users\david\.m2\repository\org\springframework\spring-jdbc\6.0.2\spring-jdbc-6.0.2.jar;C:\Users\david\.m2\repository\org\hibernate\orm\hibernate-core\6.1.5.Final\hibernate-core-6.1.5.Final.jar;C:\Users\david\.m2\repository\jakarta\persistence\jakarta.persistence-api\3.1.0\jakarta.persistence-api-3.1.0.jar;C:\Users\david\.m2\repository\jakarta\transaction\jakarta.transaction-api\2.0.1\jakarta.transaction-api-2.0.1.jar;C:\Users\david\.m2\repository\org\jboss\logging\jboss-logging\3.5.0.Final\jboss-logging-3.5.0.Final.jar;C:\Users\david\.m2\repository\org\hibernate\common\hibernate-commons-annotations\6.0.2.Final\hibernate-commons-annotations-6.0.2.Final.jar;C:\Users\david\.m2\repository\org\jboss\jandex\2.4.2.Final\jandex-2.4.2.Final.jar;C:\Users\david\.m2\repository\com\fasterxml\classmate\1.5.1\classmate-1.5.1.jar;C:\Users\david\.m2\repository\jakarta\xml\bind\jakarta.xml.bind-api\4.0.0\jakarta.xml.bind-api-4.0.0.jar;C:\Users\david\.m2\repository\jakarta\activation\jakarta.activation-api\2.1.0\jakarta.activation-api-2.1.0.jar;C:\Users\david\.m2\repository\org\glassfish\jaxb\jaxb-runtime\4.0.1\jaxb-runtime-4.0.1.jar;C:\Users\david\.m2\repository\org\glassfish\jaxb\jaxb-core\4.0.1\jaxb-core-4.0.1.jar;C:\Users\david\.m2\repository\org\eclipse\angus\angus-activation\1.0.0\angus-activation-1.0.0.jar;C:\Users\david\.m2\repository\org\glassfish\jaxb\txw2\4.0.1\txw2-4.0.1.jar;C:\Users\david\.m2\repository\com\sun\istack\istack-commons-runtime\4.1.1\istack-commons-runtime-4.1.1.jar;C:\Users\david\.m2\repository\jakarta\inject\jakarta.inject-api\2.0.0\jakarta.inject-api-2.0.0.jar;C:\Users\david\.m2\repository\org\antlr\antlr4-runtime\4.10.1\antlr4-runtime-4.10.1.jar;C:\Users\david\.m2\repository\org\springframework\data\spring-data-jpa\3.0.0\spring-data-jpa-3.0.0.jar;C:\Users\david\.m2\repository\org\springframework\data\spring-data-commons\3.0.0\spring-data-commons-3.0.0.jar;C:\Users\david\.m2\repository\org\springframework\spring-orm\6.0.2\spring-orm-6.0.2.jar;C:\Users\david\.m2\repository\org\springframework\spring-tx\6.0.2\spring-tx-6.0.2.jar;C:\Users\david\.m2\repository\org\springframework\spring-aspects\6.0.2\spring-aspects-6.0.2.jar;C:\Users\david\.m2\repository\com\vaadin\vaadin-core\24.0.0\vaadin-core-24.0.0.jar;C:\Users\david\.m2\repository\com\vaadin\vaadin-core-internal\24.0.0\vaadin-core-internal-24.0.0.jar;C:\Users\david\.m2\repository\com\vaadin\flow-server\24.0.0\flow-server-24.0.0.jar;C:\Users\david\.m2\repository\com\vaadin\servletdetector\throw-if-servlet3\1.0.2\throw-if-servlet3-1.0.2.jar;C:\Users\david\.m2\repository\com\vaadin\external\gwt\gwt-elemental\2.8.2.vaadin2\gwt-elemental-2.8.2.vaadin2.jar;C:\Users\david\.m2\repository\com\vaadin\flow-commons-upload\24.0.0\flow-commons-upload-24.0.0.jar;C:\Users\david\.m2\repository\commons-io\commons-io\2.11.0\commons-io-2.11.0.jar;C:\Users\david\.m2\repository\org\jsoup\jsoup\1.15.3\jsoup-1.15.3.jar;C:\Users\david\.m2\repository\com\helger\ph-css\6.5.0\ph-css-6.5.0.jar;C:\Users\david\.m2\repository\com\helger\commons\ph-commons\10.1.6\ph-commons-10.1.6.jar;C:\Users\david\.m2\repository\com\google\code\findbugs\jsr305\3.0.2\jsr305-3.0.2.jar;C:\Users\david\.m2\repository\com\vaadin\external\gentyref\1.2.0.vaadin1\gentyref-1.2.0.vaadin1.jar;C:\Users\david\.m2\repository\org\apache\commons\commons-compress\1.22\commons-compress-1.22.jar;C:\Users\david\.m2\repository\commons-codec\commons-codec\1.15\commons-codec-1.15.jar;C:\Users\david\.m2\repository\com\vaadin\flow-lit-template\24.0.0\flow-lit-template-24.0.0.jar;C:\Users\david\.m2\repository\com\vaadin\flow-push\24.0.0\flow-push-24.0.0.jar;C:\Users\david\.m2\repository\com\vaadin\external\atmosphere\atmosphere-runtime\3.0.0.slf4jvaadin2\atmosphere-runtime-3.0.0.slf4jvaadin2.jar;C:\Users\david\.m2\repository\com\vaadin\flow-client\24.0.0\flow-client-24.0.0.jar;C:\Users\david\.m2\repository\com\vaadin\flow-html-components\24.0.0\flow-html-components-24.0.0.jar;C:\Users\david\.m2\repository\com\vaadin\flow-data\24.0.0\flow-data-24.0.0.jar;C:\Users\david\.m2\repository\jakarta\validation\jakarta.validation-api\3.0.2\jakarta.validation-api-3.0.2.jar;C:\Users\david\.m2\repository\com\vaadin\flow-dnd\24.0.0\flow-dnd-24.0.0.jar;C:\Users\david\.m2\repository\org\webjars\npm\vaadin__vaadin-mobile-drag-drop\1.0.1\vaadin__vaadin-mobile-drag-drop-1.0.1.jar;C:\Users\david\.m2\repository\org\webjars\npm\mobile-drag-drop\2.3.0-rc.2\mobile-drag-drop-2.3.0-rc.2.jar;C:\Users\david\.m2\repository\com\vaadin\vaadin-lumo-theme\24.0.0\vaadin-lumo-theme-24.0.0.jar;C:\Users\david\.m2\repository\com\vaadin\vaadin-material-theme\24.0.0\vaadin-material-theme-24.0.0.jar;C:\Users\david\.m2\repository\com\vaadin\vaadin-accordion-flow\24.0.0\vaadin-accordion-flow-24.0.0.jar;C:\Users\david\.m2\repository\com\vaadin\vaadin-avatar-flow\24.0.0\vaadin-avatar-flow-24.0.0.jar;C:\Users\david\.m2\repository\com\vaadin\vaadin-flow-components-base\24.0.0\vaadin-flow-components-base-24.0.0.jar;C:\Users\david\.m2\repository\com\vaadin\vaadin-button-flow\24.0.0\vaadin-button-flow-24.0.0.jar;C:\Users\david\.m2\repository\com\vaadin\vaadin-checkbox-flow\24.0.0\vaadin-checkbox-flow-24.0.0.jar;C:\Users\david\.m2\repository\com\vaadin\vaadin-combo-box-flow\24.0.0\vaadin-combo-box-flow-24.0.0.jar;C:\Users\david\.m2\repository\com\vaadin\vaadin-confirm-dialog-flow\24.0.0\vaadin-confirm-dialog-flow-24.0.0.jar;C:\Users\david\.m2\repository\com\vaadin\vaadin-custom-field-flow\24.0.0\vaadin-custom-field-flow-24.0.0.jar;C:\Users\david\.m2\repository\com\vaadin\vaadin-date-picker-flow\24.0.0\vaadin-date-picker-flow-24.0.0.jar;C:\Users\david\.m2\repository\com\vaadin\vaadin-date-time-picker-flow\24.0.0\vaadin-date-time-picker-flow-24.0.0.jar;C:\Users\david\.m2\repository\com\vaadin\vaadin-details-flow\24.0.0\vaadin-details-flow-24.0.0.jar;C:\Users\david\.m2\repository\com\vaadin\vaadin-time-picker-flow\24.0.0\vaadin-time-picker-flow-24.0.0.jar;C:\Users\david\.m2\repository\com\vaadin\vaadin-select-flow\24.0.0\vaadin-select-flow-24.0.0.jar;C:\Users\david\.m2\repository\com\vaadin\vaadin-dialog-flow\24.0.0\vaadin-dialog-flow-24.0.0.jar;C:\Users\david\.m2\repository\com\vaadin\vaadin-form-layout-flow\24.0.0\vaadin-form-layout-flow-24.0.0.jar;C:\Users\david\.m2\repository\com\vaadin\vaadin-field-highlighter-flow\24.0.0\vaadin-field-highlighter-flow-24.0.0.jar;C:\Users\david\.m2\repository\com\vaadin\vaadin-grid-flow\24.0.0\vaadin-grid-flow-24.0.0.jar;C:\Users\david\.m2\repository\org\apache\commons\commons-lang3\3.12.0\commons-lang3-3.12.0.jar;C:\Users\david\.m2\repository\com\vaadin\vaadin-icons-flow\24.0.0\vaadin-icons-flow-24.0.0.jar;C:\Users\david\.m2\repository\com\vaadin\vaadin-virtual-list-flow\24.0.0\vaadin-virtual-list-flow-24.0.0.jar;C:\Users\david\.m2\repository\com\vaadin\vaadin-list-box-flow\24.0.0\vaadin-list-box-flow-24.0.0.jar;C:\Users\david\.m2\repository\com\vaadin\vaadin-login-flow\24.0.0\vaadin-login-flow-24.0.0.jar;C:\Users\david\.m2\repository\com\vaadin\vaadin-messages-flow\24.0.0\vaadin-messages-flow-24.0.0.jar;C:\Users\david\.m2\repository\com\vaadin\vaadin-ordered-layout-flow\24.0.0\vaadin-ordered-layout-flow-24.0.0.jar;C:\Users\david\.m2\repository\com\vaadin\vaadin-progress-bar-flow\24.0.0\vaadin-progress-bar-flow-24.0.0.jar;C:\Users\david\.m2\repository\com\vaadin\vaadin-radio-button-flow\24.0.0\vaadin-radio-button-flow-24.0.0.jar;C:\Users\david\.m2\repository\com\vaadin\vaadin-renderer-flow\24.0.0\vaadin-renderer-flow-24.0.0.jar;C:\Users\david\.m2\repository\com\vaadin\vaadin-split-layout-flow\24.0.0\vaadin-split-layout-flow-24.0.0.jar;C:\Users\david\.m2\repository\com\vaadin\vaadin-tabs-flow\24.0.0\vaadin-tabs-flow-24.0.0.jar;C:\Users\david\.m2\repository\com\vaadin\vaadin-text-field-flow\24.0.0\vaadin-text-field-flow-24.0.0.jar;C:\Users\david\.m2\repository\com\vaadin\vaadin-upload-flow\24.0.0\vaadin-upload-flow-24.0.0.jar;C:\Users\david\.m2\repository\com\vaadin\vaadin-notification-flow\24.0.0\vaadin-notification-flow-24.0.0.jar;C:\Users\david\.m2\repository\com\vaadin\vaadin-app-layout-flow\24.0.0\vaadin-app-layout-flow-24.0.0.jar;C:\Users\david\.m2\repository\com\vaadin\vaadin-context-menu-flow\24.0.0\vaadin-context-menu-flow-24.0.0.jar;C:\Users\david\.m2\repository\com\vaadin\vaadin-menu-bar-flow\24.0.0\vaadin-menu-bar-flow-24.0.0.jar;C:\Users\david\.m2\repository\com\vaadin\vaadin-dev\24.0.0\vaadin-dev-24.0.0.jar;C:\Users\david\.m2\repository\com\vaadin\vaadin-dev-server\24.0.0\vaadin-dev-server-24.0.0.jar;C:\Users\david\.m2\repository\com\vaadin\license-checker\1.12.0\license-checker-1.12.0.jar;C:\Users\david\.m2\repository\com\github\oshi\oshi-core\6.4.0\oshi-core-6.4.0.jar;C:\Users\david\.m2\repository\net\java\dev\jna\jna\5.12.1\jna-5.12.1.jar;C:\Users\david\.m2\repository\net\java\dev\jna\jna-platform\5.12.1\jna-platform-5.12.1.jar;C:\Users\david\.m2\repository\com\nimbusds\nimbus-jose-jwt\9.23\nimbus-jose-jwt-9.23.jar;C:\Users\david\.m2\repository\org\lucee\jcip-annotations\1.0.0\jcip-annotations-1.0.0.jar;C:\Users\david\.m2\repository\com\vaadin\open\8.5.0\open-8.5.0.jar;C:\Users\david\.m2\repository\jakarta\websocket\jakarta.websocket-api\2.1.0\jakarta.websocket-api-2.1.0.jar;C:\Users\david\.m2\repository\jakarta\websocket\jakarta.websocket-client-api\2.1.0\jakarta.websocket-client-api-2.1.0.jar;C:\Users\david\.m2\repository\com\vaadin\vaadin-dev-bundle\24.0.0\vaadin-dev-bundle-24.0.0.jar;C:\Users\david\.m2\repository\nl\martijndwars\web-push\5.1.1\web-push-5.1.1.jar;C:\Users\david\.m2\repository\com\beust\jcommander\1.78\jcommander-1.78.jar;C:\Users\david\.m2\repository\org\apache\httpcomponents\httpasyncclient\4.1.5\httpasyncclient-4.1.5.jar;C:\Users\david\.m2\repository\org\apache\httpcomponents\httpcore\4.4.15\httpcore-4.4.15.jar;C:\Users\david\.m2\repository\org\apache\httpcomponents\httpcore-nio\4.4.15\httpcore-nio-4.4.15.jar;C:\Users\david\.m2\repository\org\apache\httpcomponents\httpclient\4.5.13\httpclient-4.5.13.jar;C:\Users\david\.m2\repository\org\asynchttpclient\async-http-client\2.10.4\async-http-client-2.10.4.jar;C:\Users\david\.m2\repository\org\asynchttpclient\async-http-client-netty-utils\2.10.4\async-http-client-netty-utils-2.10.4.jar;C:\Users\david\.m2\repository\io\netty\netty-codec-socks\4.1.85.Final\netty-codec-socks-4.1.85.Final.jar;C:\Users\david\.m2\repository\io\netty\netty-handler-proxy\4.1.85.Final\netty-handler-proxy-4.1.85.Final.jar;C:\Users\david\.m2\repository\io\netty\netty-transport-native-epoll\4.1.85.Final\netty-transport-native-epoll-4.1.85.Final-linux-x86_64.jar;C:\Users\david\.m2\repository\io\netty\netty-transport-native-kqueue\4.1.85.Final\netty-transport-native-kqueue-4.1.85.Final-osx-x86_64.jar;C:\Users\david\.m2\repository\io\netty\netty-transport-classes-kqueue\4.1.85.Final\netty-transport-classes-kqueue-4.1.85.Final.jar;C:\Users\david\.m2\repository\io\netty\netty-resolver-dns\4.1.85.Final\netty-resolver-dns-4.1.85.Final.jar;C:\Users\david\.m2\repository\io\netty\netty-codec-dns\4.1.85.Final\netty-codec-dns-4.1.85.Final.jar;C:\Users\david\.m2\repository\org\reactivestreams\reactive-streams\1.0.4\reactive-streams-1.0.4.jar;C:\Users\david\.m2\repository\com\typesafe\netty\netty-reactive-streams\2.0.3\netty-reactive-streams-2.0.3.jar;C:\Users\david\.m2\repository\com\sun\activation\javax.activation\1.2.0\javax.activation-1.2.0.jar;C:\Users\david\.m2\repository\org\bitbucket\b_c\jose4j\0.7.0\jose4j-0.7.0.jar;C:\Users\david\.m2\repository\org\bouncycastle\bcprov-jdk15on\1.69\bcprov-jdk15on-1.69.jar;C:\Users\david\.m2\repository\io\javalin\javalin\4.3.0\javalin-4.3.0.jar;C:\Users\david\.m2\repository\org\slf4j\slf4j-api\2.0.4\slf4j-api-2.0.4.jar;C:\Users\david\.m2\repository\org\eclipse\jetty\jetty-server\11.0.12\jetty-server-11.0.12.jar;C:\Users\david\.m2\repository\org\eclipse\jetty\toolchain\jetty-jakarta-servlet-api\5.0.2\jetty-jakarta-servlet-api-5.0.2.jar;C:\Users\david\.m2\repository\org\eclipse\jetty\jetty-http\11.0.12\jetty-http-11.0.12.jar;C:\Users\david\.m2\repository\org\eclipse\jetty\jetty-util\11.0.12\jetty-util-11.0.12.jar;C:\Users\david\.m2\repository\org\eclipse\jetty\jetty-io\11.0.12\jetty-io-11.0.12.jar;C:\Users\david\.m2\repository\org\eclipse\jetty\jetty-webapp\11.0.12\jetty-webapp-11.0.12.jar;C:\Users\david\.m2\repository\org\eclipse\jetty\jetty-servlet\11.0.12\jetty-servlet-11.0.12.jar;C:\Users\david\.m2\repository\org\eclipse\jetty\jetty-security\11.0.12\jetty-security-11.0.12.jar;C:\Users\david\.m2\repository\org\eclipse\jetty\jetty-xml\11.0.12\jetty-xml-11.0.12.jar;C:\Users\david\.m2\repository\org\eclipse\jetty\websocket\websocket-server\9.4.44.v20210927\websocket-server-9.4.44.v20210927.jar;C:\Users\david\.m2\repository\org\eclipse\jetty\websocket\websocket-common\9.4.44.v20210927\websocket-common-9.4.44.v20210927.jar;C:\Users\david\.m2\repository\org\eclipse\jetty\websocket\websocket-api\9.4.44.v20210927\websocket-api-9.4.44.v20210927.jar;C:\Users\david\.m2\repository\org\eclipse\jetty\websocket\websocket-client\9.4.44.v20210927\websocket-client-9.4.44.v20210927.jar;C:\Users\david\.m2\repository\org\eclipse\jetty\jetty-client\11.0.12\jetty-client-11.0.12.jar;C:\Users\david\.m2\repository\org\eclipse\jetty\jetty-alpn-client\11.0.12\jetty-alpn-client-11.0.12.jar;C:\Users\david\.m2\repository\org\eclipse\jetty\websocket\websocket-servlet\11.0.12\websocket-servlet-11.0.12.jar;C:\Users\david\.m2\repository\org\eclipse\jetty\websocket\websocket-core-server\11.0.12\websocket-core-server-11.0.12.jar;C:\Users\david\.m2\repository\org\eclipse\jetty\websocket\websocket-core-common\11.0.12\websocket-core-common-11.0.12.jar;C:\Users\david\.m2\repository\org\jetbrains\kotlin\kotlin-stdlib-jdk8\1.7.21\kotlin-stdlib-jdk8-1.7.21.jar;C:\Users\david\.m2\repository\org\jetbrains\kotlin\kotlin-stdlib\1.7.21\kotlin-stdlib-1.7.21.jar;C:\Users\david\.m2\repository\org\jetbrains\kotlin\kotlin-stdlib-common\1.7.21\kotlin-stdlib-common-1.7.21.jar;C:\Users\david\.m2\repository\org\jetbrains\annotations\13.0\annotations-13.0.jar;C:\Users\david\.m2\repository\org\jetbrains\kotlin\kotlin-stdlib-jdk7\1.7.21\kotlin-stdlib-jdk7-1.7.21.jar;C:\Users\david\.m2\repository\javax\persistence\javax.persistence-api\2.2\javax.persistence-api-2.2.jar;C:\Users\david\.m2\repository\com\h2database\h2\2.1.214\h2-2.1.214.jar;C:\Users\david\.m2\repository\org\apache\logging\log4j\log4j-api\2.20.0\log4j-api-2.20.0.jar;C:\Users\david\.m2\repository\org\apache\logging\log4j\log4j-core\2.20.0\log4j-core-2.20.0.jar;C:\Users\david\.m2\repository\org\apache\logging\log4j\log4j-slf4j-impl\2.20.0\log4j-slf4j-impl-2.20.0.jar;C:\Users\david\.m2\repository\org\junit\jupiter\junit-jupiter\5.8.2\junit-jupiter-5.8.2.jar;C:\Users\david\.m2\repository\org\junit\jupiter\junit-jupiter-api\5.9.1\junit-jupiter-api-5.9.1.jar;C:\Users\david\.m2\repository\org\opentest4j\opentest4j\1.2.0\opentest4j-1.2.0.jar;C:\Users\david\.m2\repository\org\junit\platform\junit-platform-commons\1.9.1\junit-platform-commons-1.9.1.jar;C:\Users\david\.m2\repository\org\apiguardian\apiguardian-api\1.1.2\apiguardian-api-1.1.2.jar;C:\Users\david\.m2\repository\org\junit\jupiter\junit-jupiter-params\5.9.1\junit-jupiter-params-5.9.1.jar;C:\Users\david\.m2\repository\org\junit\jupiter\junit-jupiter-engine\5.9.1\junit-jupiter-engine-5.9.1.jar;C:\Users\david\.m2\repository\org\junit\platform\junit-platform-engine\1.9.1\junit-platform-engine-1.9.1.jar;C:\Users\david\.m2\repository\org\mockito\mockito-core\3.12.4\mockito-core-3.12.4.jar;C:\Users\david\.m2\repository\net\bytebuddy\byte-buddy\1.12.19\byte-buddy-1.12.19.jar;C:\Users\david\.m2\repository\net\bytebuddy\byte-buddy-agent\1.12.19\byte-buddy-agent-1.12.19.jar;C:\Users\david\.m2\repository\org\objenesis\objenesis\3.2\objenesis-3.2.jar;C:\Users\david\.m2\repository\com\corundumstudio\socketio\netty-socketio\1.7.16\netty-socketio-1.7.16.jar;C:\Users\david\.m2\repository\io\netty\netty-buffer\4.1.85.Final\netty-buffer-4.1.85.Final.jar;C:\Users\david\.m2\repository\io\netty\netty-common\4.1.85.Final\netty-common-4.1.85.Final.jar;C:\Users\david\.m2\repository\io\netty\netty-transport\4.1.85.Final\netty-transport-4.1.85.Final.jar;C:\Users\david\.m2\repository\io\netty\netty-resolver\4.1.85.Final\netty-resolver-4.1.85.Final.jar;C:\Users\david\.m2\repository\io\netty\netty-handler\4.1.85.Final\netty-handler-4.1.85.Final.jar;C:\Users\david\.m2\repository\io\netty\netty-transport-native-unix-common\4.1.85.Final\netty-transport-native-unix-common-4.1.85.Final.jar;C:\Users\david\.m2\repository\io\netty\netty-codec-http\4.1.85.Final\netty-codec-http-4.1.85.Final.jar;C:\Users\david\.m2\repository\io\netty\netty-codec\4.1.85.Final\netty-codec-4.1.85.Final.jar;C:\Users\david\.m2\repository\io\netty\netty-transport-native-epoll\4.1.85.Final\netty-transport-native-epoll-4.1.85.Final.jar;C:\Users\david\.m2\repository\io\netty\netty-transport-classes-epoll\4.1.85.Final\netty-transport-classes-epoll-4.1.85.Final.jar;C:\Users\david\.m2\repository\com\fasterxml\jackson\core\jackson-core\2.14.1\jackson-core-2.14.1.jar;C:\Users\david\.m2\repository\io\netty\netty-all\4.1.63.Final\netty-all-4.1.63.Final.jar;C:\Users\david\.m2\repository\org\springframework\boot\spring-boot-starter-websocket\3.0.0\spring-boot-starter-websocket-3.0.0.jar;C:\Users\david\.m2\repository\org\springframework\spring-messaging\6.0.2\spring-messaging-6.0.2.jar;C:\Users\david\.m2\repository\org\springframework\boot\spring-boot-starter-actuator\3.0.0\spring-boot-starter-actuator-3.0.0.jar;C:\Users\david\.m2\repository\org\springframework\boot\spring-boot-actuator-autoconfigure\3.0.0\spring-boot-actuator-autoconfigure-3.0.0.jar;C:\Users\david\.m2\repository\org\springframework\boot\spring-boot-actuator\3.0.0\spring-boot-actuator-3.0.0.jar;C:\Users\david\.m2\repository\io\micrometer\micrometer-observation\1.10.2\micrometer-observation-1.10.2.jar;C:\Users\david\.m2\repository\io\micrometer\micrometer-commons\1.10.2\micrometer-commons-1.10.2.jar;C:\Users\david\.m2\repository\io\micrometer\micrometer-core\1.10.2\micrometer-core-1.10.2.jar;C:\Users\david\.m2\repository\org\hdrhistogram\HdrHistogram\2.1.12\HdrHistogram-2.1.12.jar;C:\Users\david\.m2\repository\org\latencyutils\LatencyUtils\2.0.3\LatencyUtils-2.0.3.jar;C:\Users\david\.m2\repository\org\springframework\spring-websocket\5.3.12\spring-websocket-5.3.12.jar;C:\Users\david\.m2\repository\org\springframework\spring-context\6.0.2\spring-context-6.0.2.jar;C:\Users\david\.m2\repository\org\springframework\spring-core\6.0.2\spring-core-6.0.2.jar;C:\Users\david\.m2\repository\org\springframework\spring-jcl\6.0.2\spring-jcl-6.0.2.jar;C:\Users\david\.m2\repository\com\ibm\icu\icu4j\72.1\icu4j-72.1.jar;"/>
    <property name="java.vm.vendor" value="Oracle Corporation"/>
    <property name="sun.arch.data.model" value="64"/>
    <property name="user.variant" value=""/>
    <property name="java.vendor.url" value="https://java.oracle.com/"/>
    <property name="user.timezone" value="Asia/Jerusalem"/>
    <property name="os.name" value="Windows 10"/>
    <property name="java.vm.specification.version" value="18"/>
    <property name="sun.java.launcher" value="SUN_STANDARD"/>
    <property name="user.country" value="IL"/>
    <property name="sun.boot.library.path" value="C:\Program Files\Java\jdk-18.0.1.1\bin"/>
    <property name="sun.java.command" value="C:\Users\david\AppData\Local\Temp\surefire16380911351631641192\surefirebooter7004286443653992588.jar C:\Users\david\AppData\Local\Temp\surefire16380911351631641192 2024-06-14T22-58-45_998-jvmRun1 surefire14961126084367721404tmp surefire_08102367057148149355tmp"/>
    <property name="jdk.debug" value="release"/>
    <property name="surefire.test.class.path" value="C:\Users\david\Desktop\Semesters\SemesterF\sadna\work_git\The-Market\target\test-classes;C:\Users\david\Desktop\Semesters\SemesterF\sadna\work_git\The-Market\target\classes;C:\Users\david\.m2\repository\io\jsonwebtoken\jjwt-api\0.12.2\jjwt-api-0.12.2.jar;C:\Users\david\.m2\repository\io\jsonwebtoken\jjwt-impl\0.12.2\jjwt-impl-0.12.2.jar;C:\Users\david\.m2\repository\io\jsonwebtoken\jjwt-jackson\0.12.2\jjwt-jackson-0.12.2.jar;C:\Users\david\.m2\repository\com\fasterxml\jackson\core\jackson-databind\2.14.1\jackson-databind-2.14.1.jar;C:\Users\david\.m2\repository\com\fasterxml\jackson\core\jackson-annotations\2.14.1\jackson-annotations-2.14.1.jar;C:\Users\david\.m2\repository\org\springframework\boot\spring-boot-starter-web\3.0.0\spring-boot-starter-web-3.0.0.jar;C:\Users\david\.m2\repository\org\springframework\boot\spring-boot-starter\3.0.0\spring-boot-starter-3.0.0.jar;C:\Users\david\.m2\repository\org\springframework\boot\spring-boot\3.0.0\spring-boot-3.0.0.jar;C:\Users\david\.m2\repository\org\springframework\boot\spring-boot-autoconfigure\3.0.0\spring-boot-autoconfigure-3.0.0.jar;C:\Users\david\.m2\repository\org\springframework\boot\spring-boot-starter-logging\3.0.0\spring-boot-starter-logging-3.0.0.jar;C:\Users\david\.m2\repository\ch\qos\logback\logback-classic\1.4.5\logback-classic-1.4.5.jar;C:\Users\david\.m2\repository\ch\qos\logback\logback-core\1.4.5\logback-core-1.4.5.jar;C:\Users\david\.m2\repository\org\apache\logging\log4j\log4j-to-slf4j\2.19.0\log4j-to-slf4j-2.19.0.jar;C:\Users\david\.m2\repository\org\slf4j\jul-to-slf4j\2.0.4\jul-to-slf4j-2.0.4.jar;C:\Users\david\.m2\repository\jakarta\annotation\jakarta.annotation-api\2.1.1\jakarta.annotation-api-2.1.1.jar;C:\Users\david\.m2\repository\org\yaml\snakeyaml\1.33\snakeyaml-1.33.jar;C:\Users\david\.m2\repository\org\springframework\boot\spring-boot-starter-json\3.0.0\spring-boot-starter-json-3.0.0.jar;C:\Users\david\.m2\repository\com\fasterxml\jackson\datatype\jackson-datatype-jdk8\2.14.1\jackson-datatype-jdk8-2.14.1.jar;C:\Users\david\.m2\repository\com\fasterxml\jackson\datatype\jackson-datatype-jsr310\2.14.1\jackson-datatype-jsr310-2.14.1.jar;C:\Users\david\.m2\repository\com\fasterxml\jackson\module\jackson-module-parameter-names\2.14.1\jackson-module-parameter-names-2.14.1.jar;C:\Users\david\.m2\repository\org\springframework\boot\spring-boot-starter-tomcat\3.0.0\spring-boot-starter-tomcat-3.0.0.jar;C:\Users\david\.m2\repository\org\apache\tomcat\embed\tomcat-embed-core\10.1.1\tomcat-embed-core-10.1.1.jar;C:\Users\david\.m2\repository\org\apache\tomcat\embed\tomcat-embed-el\10.1.1\tomcat-embed-el-10.1.1.jar;C:\Users\david\.m2\repository\org\apache\tomcat\embed\tomcat-embed-websocket\10.1.1\tomcat-embed-websocket-10.1.1.jar;C:\Users\david\.m2\repository\org\springframework\spring-web\6.0.2\spring-web-6.0.2.jar;C:\Users\david\.m2\repository\org\springframework\spring-beans\6.0.2\spring-beans-6.0.2.jar;C:\Users\david\.m2\repository\org\springframework\spring-webmvc\6.0.2\spring-webmvc-6.0.2.jar;C:\Users\david\.m2\repository\org\springframework\spring-aop\6.0.2\spring-aop-6.0.2.jar;C:\Users\david\.m2\repository\org\springframework\spring-expression\6.0.2\spring-expression-6.0.2.jar;C:\Users\david\.m2\repository\org\springframework\boot\spring-boot-starter-data-jpa\3.0.0\spring-boot-starter-data-jpa-3.0.0.jar;C:\Users\david\.m2\repository\org\springframework\boot\spring-boot-starter-aop\3.0.0\spring-boot-starter-aop-3.0.0.jar;C:\Users\david\.m2\repository\org\aspectj\aspectjweaver\1.9.9.1\aspectjweaver-1.9.9.1.jar;C:\Users\david\.m2\repository\org\springframework\boot\spring-boot-starter-jdbc\3.0.0\spring-boot-starter-jdbc-3.0.0.jar;C:\Users\david\.m2\repository\com\zaxxer\HikariCP\5.0.1\HikariCP-5.0.1.jar;C:\Users\david\.m2\repository\org\springframework\spring-jdbc\6.0.2\spring-jdbc-6.0.2.jar;C:\Users\david\.m2\repository\org\hibernate\orm\hibernate-core\6.1.5.Final\hibernate-core-6.1.5.Final.jar;C:\Users\david\.m2\repository\jakarta\persistence\jakarta.persistence-api\3.1.0\jakarta.persistence-api-3.1.0.jar;C:\Users\david\.m2\repository\jakarta\transaction\jakarta.transaction-api\2.0.1\jakarta.transaction-api-2.0.1.jar;C:\Users\david\.m2\repository\org\jboss\logging\jboss-logging\3.5.0.Final\jboss-logging-3.5.0.Final.jar;C:\Users\david\.m2\repository\org\hibernate\common\hibernate-commons-annotations\6.0.2.Final\hibernate-commons-annotations-6.0.2.Final.jar;C:\Users\david\.m2\repository\org\jboss\jandex\2.4.2.Final\jandex-2.4.2.Final.jar;C:\Users\david\.m2\repository\com\fasterxml\classmate\1.5.1\classmate-1.5.1.jar;C:\Users\david\.m2\repository\jakarta\xml\bind\jakarta.xml.bind-api\4.0.0\jakarta.xml.bind-api-4.0.0.jar;C:\Users\david\.m2\repository\jakarta\activation\jakarta.activation-api\2.1.0\jakarta.activation-api-2.1.0.jar;C:\Users\david\.m2\repository\org\glassfish\jaxb\jaxb-runtime\4.0.1\jaxb-runtime-4.0.1.jar;C:\Users\david\.m2\repository\org\glassfish\jaxb\jaxb-core\4.0.1\jaxb-core-4.0.1.jar;C:\Users\david\.m2\repository\org\eclipse\angus\angus-activation\1.0.0\angus-activation-1.0.0.jar;C:\Users\david\.m2\repository\org\glassfish\jaxb\txw2\4.0.1\txw2-4.0.1.jar;C:\Users\david\.m2\repository\com\sun\istack\istack-commons-runtime\4.1.1\istack-commons-runtime-4.1.1.jar;C:\Users\david\.m2\repository\jakarta\inject\jakarta.inject-api\2.0.0\jakarta.inject-api-2.0.0.jar;C:\Users\david\.m2\repository\org\antlr\antlr4-runtime\4.10.1\antlr4-runtime-4.10.1.jar;C:\Users\david\.m2\repository\org\springframework\data\spring-data-jpa\3.0.0\spring-data-jpa-3.0.0.jar;C:\Users\david\.m2\repository\org\springframework\data\spring-data-commons\3.0.0\spring-data-commons-3.0.0.jar;C:\Users\david\.m2\repository\org\springframework\spring-orm\6.0.2\spring-orm-6.0.2.jar;C:\Users\david\.m2\repository\org\springframework\spring-tx\6.0.2\spring-tx-6.0.2.jar;C:\Users\david\.m2\repository\org\springframework\spring-aspects\6.0.2\spring-aspects-6.0.2.jar;C:\Users\david\.m2\repository\com\vaadin\vaadin-core\24.0.0\vaadin-core-24.0.0.jar;C:\Users\david\.m2\repository\com\vaadin\vaadin-core-internal\24.0.0\vaadin-core-internal-24.0.0.jar;C:\Users\david\.m2\repository\com\vaadin\flow-server\24.0.0\flow-server-24.0.0.jar;C:\Users\david\.m2\repository\com\vaadin\servletdetector\throw-if-servlet3\1.0.2\throw-if-servlet3-1.0.2.jar;C:\Users\david\.m2\repository\com\vaadin\external\gwt\gwt-elemental\2.8.2.vaadin2\gwt-elemental-2.8.2.vaadin2.jar;C:\Users\david\.m2\repository\com\vaadin\flow-commons-upload\24.0.0\flow-commons-upload-24.0.0.jar;C:\Users\david\.m2\repository\commons-io\commons-io\2.11.0\commons-io-2.11.0.jar;C:\Users\david\.m2\repository\org\jsoup\jsoup\1.15.3\jsoup-1.15.3.jar;C:\Users\david\.m2\repository\com\helger\ph-css\6.5.0\ph-css-6.5.0.jar;C:\Users\david\.m2\repository\com\helger\commons\ph-commons\10.1.6\ph-commons-10.1.6.jar;C:\Users\david\.m2\repository\com\google\code\findbugs\jsr305\3.0.2\jsr305-3.0.2.jar;C:\Users\david\.m2\repository\com\vaadin\external\gentyref\1.2.0.vaadin1\gentyref-1.2.0.vaadin1.jar;C:\Users\david\.m2\repository\org\apache\commons\commons-compress\1.22\commons-compress-1.22.jar;C:\Users\david\.m2\repository\commons-codec\commons-codec\1.15\commons-codec-1.15.jar;C:\Users\david\.m2\repository\com\vaadin\flow-lit-template\24.0.0\flow-lit-template-24.0.0.jar;C:\Users\david\.m2\repository\com\vaadin\flow-push\24.0.0\flow-push-24.0.0.jar;C:\Users\david\.m2\repository\com\vaadin\external\atmosphere\atmosphere-runtime\3.0.0.slf4jvaadin2\atmosphere-runtime-3.0.0.slf4jvaadin2.jar;C:\Users\david\.m2\repository\com\vaadin\flow-client\24.0.0\flow-client-24.0.0.jar;C:\Users\david\.m2\repository\com\vaadin\flow-html-components\24.0.0\flow-html-components-24.0.0.jar;C:\Users\david\.m2\repository\com\vaadin\flow-data\24.0.0\flow-data-24.0.0.jar;C:\Users\david\.m2\repository\jakarta\validation\jakarta.validation-api\3.0.2\jakarta.validation-api-3.0.2.jar;C:\Users\david\.m2\repository\com\vaadin\flow-dnd\24.0.0\flow-dnd-24.0.0.jar;C:\Users\david\.m2\repository\org\webjars\npm\vaadin__vaadin-mobile-drag-drop\1.0.1\vaadin__vaadin-mobile-drag-drop-1.0.1.jar;C:\Users\david\.m2\repository\org\webjars\npm\mobile-drag-drop\2.3.0-rc.2\mobile-drag-drop-2.3.0-rc.2.jar;C:\Users\david\.m2\repository\com\vaadin\vaadin-lumo-theme\24.0.0\vaadin-lumo-theme-24.0.0.jar;C:\Users\david\.m2\repository\com\vaadin\vaadin-material-theme\24.0.0\vaadin-material-theme-24.0.0.jar;C:\Users\david\.m2\repository\com\vaadin\vaadin-accordion-flow\24.0.0\vaadin-accordion-flow-24.0.0.jar;C:\Users\david\.m2\repository\com\vaadin\vaadin-avatar-flow\24.0.0\vaadin-avatar-flow-24.0.0.jar;C:\Users\david\.m2\repository\com\vaadin\vaadin-flow-components-base\24.0.0\vaadin-flow-components-base-24.0.0.jar;C:\Users\david\.m2\repository\com\vaadin\vaadin-button-flow\24.0.0\vaadin-button-flow-24.0.0.jar;C:\Users\david\.m2\repository\com\vaadin\vaadin-checkbox-flow\24.0.0\vaadin-checkbox-flow-24.0.0.jar;C:\Users\david\.m2\repository\com\vaadin\vaadin-combo-box-flow\24.0.0\vaadin-combo-box-flow-24.0.0.jar;C:\Users\david\.m2\repository\com\vaadin\vaadin-confirm-dialog-flow\24.0.0\vaadin-confirm-dialog-flow-24.0.0.jar;C:\Users\david\.m2\repository\com\vaadin\vaadin-custom-field-flow\24.0.0\vaadin-custom-field-flow-24.0.0.jar;C:\Users\david\.m2\repository\com\vaadin\vaadin-date-picker-flow\24.0.0\vaadin-date-picker-flow-24.0.0.jar;C:\Users\david\.m2\repository\com\vaadin\vaadin-date-time-picker-flow\24.0.0\vaadin-date-time-picker-flow-24.0.0.jar;C:\Users\david\.m2\repository\com\vaadin\vaadin-details-flow\24.0.0\vaadin-details-flow-24.0.0.jar;C:\Users\david\.m2\repository\com\vaadin\vaadin-time-picker-flow\24.0.0\vaadin-time-picker-flow-24.0.0.jar;C:\Users\david\.m2\repository\com\vaadin\vaadin-select-flow\24.0.0\vaadin-select-flow-24.0.0.jar;C:\Users\david\.m2\repository\com\vaadin\vaadin-dialog-flow\24.0.0\vaadin-dialog-flow-24.0.0.jar;C:\Users\david\.m2\repository\com\vaadin\vaadin-form-layout-flow\24.0.0\vaadin-form-layout-flow-24.0.0.jar;C:\Users\david\.m2\repository\com\vaadin\vaadin-field-highlighter-flow\24.0.0\vaadin-field-highlighter-flow-24.0.0.jar;C:\Users\david\.m2\repository\com\vaadin\vaadin-grid-flow\24.0.0\vaadin-grid-flow-24.0.0.jar;C:\Users\david\.m2\repository\org\apache\commons\commons-lang3\3.12.0\commons-lang3-3.12.0.jar;C:\Users\david\.m2\repository\com\vaadin\vaadin-icons-flow\24.0.0\vaadin-icons-flow-24.0.0.jar;C:\Users\david\.m2\repository\com\vaadin\vaadin-virtual-list-flow\24.0.0\vaadin-virtual-list-flow-24.0.0.jar;C:\Users\david\.m2\repository\com\vaadin\vaadin-list-box-flow\24.0.0\vaadin-list-box-flow-24.0.0.jar;C:\Users\david\.m2\repository\com\vaadin\vaadin-login-flow\24.0.0\vaadin-login-flow-24.0.0.jar;C:\Users\david\.m2\repository\com\vaadin\vaadin-messages-flow\24.0.0\vaadin-messages-flow-24.0.0.jar;C:\Users\david\.m2\repository\com\vaadin\vaadin-ordered-layout-flow\24.0.0\vaadin-ordered-layout-flow-24.0.0.jar;C:\Users\david\.m2\repository\com\vaadin\vaadin-progress-bar-flow\24.0.0\vaadin-progress-bar-flow-24.0.0.jar;C:\Users\david\.m2\repository\com\vaadin\vaadin-radio-button-flow\24.0.0\vaadin-radio-button-flow-24.0.0.jar;C:\Users\david\.m2\repository\com\vaadin\vaadin-renderer-flow\24.0.0\vaadin-renderer-flow-24.0.0.jar;C:\Users\david\.m2\repository\com\vaadin\vaadin-split-layout-flow\24.0.0\vaadin-split-layout-flow-24.0.0.jar;C:\Users\david\.m2\repository\com\vaadin\vaadin-tabs-flow\24.0.0\vaadin-tabs-flow-24.0.0.jar;C:\Users\david\.m2\repository\com\vaadin\vaadin-text-field-flow\24.0.0\vaadin-text-field-flow-24.0.0.jar;C:\Users\david\.m2\repository\com\vaadin\vaadin-upload-flow\24.0.0\vaadin-upload-flow-24.0.0.jar;C:\Users\david\.m2\repository\com\vaadin\vaadin-notification-flow\24.0.0\vaadin-notification-flow-24.0.0.jar;C:\Users\david\.m2\repository\com\vaadin\vaadin-app-layout-flow\24.0.0\vaadin-app-layout-flow-24.0.0.jar;C:\Users\david\.m2\repository\com\vaadin\vaadin-context-menu-flow\24.0.0\vaadin-context-menu-flow-24.0.0.jar;C:\Users\david\.m2\repository\com\vaadin\vaadin-menu-bar-flow\24.0.0\vaadin-menu-bar-flow-24.0.0.jar;C:\Users\david\.m2\repository\com\vaadin\vaadin-dev\24.0.0\vaadin-dev-24.0.0.jar;C:\Users\david\.m2\repository\com\vaadin\vaadin-dev-server\24.0.0\vaadin-dev-server-24.0.0.jar;C:\Users\david\.m2\repository\com\vaadin\license-checker\1.12.0\license-checker-1.12.0.jar;C:\Users\david\.m2\repository\com\github\oshi\oshi-core\6.4.0\oshi-core-6.4.0.jar;C:\Users\david\.m2\repository\net\java\dev\jna\jna\5.12.1\jna-5.12.1.jar;C:\Users\david\.m2\repository\net\java\dev\jna\jna-platform\5.12.1\jna-platform-5.12.1.jar;C:\Users\david\.m2\repository\com\nimbusds\nimbus-jose-jwt\9.23\nimbus-jose-jwt-9.23.jar;C:\Users\david\.m2\repository\org\lucee\jcip-annotations\1.0.0\jcip-annotations-1.0.0.jar;C:\Users\david\.m2\repository\com\vaadin\open\8.5.0\open-8.5.0.jar;C:\Users\david\.m2\repository\jakarta\websocket\jakarta.websocket-api\2.1.0\jakarta.websocket-api-2.1.0.jar;C:\Users\david\.m2\repository\jakarta\websocket\jakarta.websocket-client-api\2.1.0\jakarta.websocket-client-api-2.1.0.jar;C:\Users\david\.m2\repository\com\vaadin\vaadin-dev-bundle\24.0.0\vaadin-dev-bundle-24.0.0.jar;C:\Users\david\.m2\repository\nl\martijndwars\web-push\5.1.1\web-push-5.1.1.jar;C:\Users\david\.m2\repository\com\beust\jcommander\1.78\jcommander-1.78.jar;C:\Users\david\.m2\repository\org\apache\httpcomponents\httpasyncclient\4.1.5\httpasyncclient-4.1.5.jar;C:\Users\david\.m2\repository\org\apache\httpcomponents\httpcore\4.4.15\httpcore-4.4.15.jar;C:\Users\david\.m2\repository\org\apache\httpcomponents\httpcore-nio\4.4.15\httpcore-nio-4.4.15.jar;C:\Users\david\.m2\repository\org\apache\httpcomponents\httpclient\4.5.13\httpclient-4.5.13.jar;C:\Users\david\.m2\repository\org\asynchttpclient\async-http-client\2.10.4\async-http-client-2.10.4.jar;C:\Users\david\.m2\repository\org\asynchttpclient\async-http-client-netty-utils\2.10.4\async-http-client-netty-utils-2.10.4.jar;C:\Users\david\.m2\repository\io\netty\netty-codec-socks\4.1.85.Final\netty-codec-socks-4.1.85.Final.jar;C:\Users\david\.m2\repository\io\netty\netty-handler-proxy\4.1.85.Final\netty-handler-proxy-4.1.85.Final.jar;C:\Users\david\.m2\repository\io\netty\netty-transport-native-epoll\4.1.85.Final\netty-transport-native-epoll-4.1.85.Final-linux-x86_64.jar;C:\Users\david\.m2\repository\io\netty\netty-transport-native-kqueue\4.1.85.Final\netty-transport-native-kqueue-4.1.85.Final-osx-x86_64.jar;C:\Users\david\.m2\repository\io\netty\netty-transport-classes-kqueue\4.1.85.Final\netty-transport-classes-kqueue-4.1.85.Final.jar;C:\Users\david\.m2\repository\io\netty\netty-resolver-dns\4.1.85.Final\netty-resolver-dns-4.1.85.Final.jar;C:\Users\david\.m2\repository\io\netty\netty-codec-dns\4.1.85.Final\netty-codec-dns-4.1.85.Final.jar;C:\Users\david\.m2\repository\org\reactivestreams\reactive-streams\1.0.4\reactive-streams-1.0.4.jar;C:\Users\david\.m2\repository\com\typesafe\netty\netty-reactive-streams\2.0.3\netty-reactive-streams-2.0.3.jar;C:\Users\david\.m2\repository\com\sun\activation\javax.activation\1.2.0\javax.activation-1.2.0.jar;C:\Users\david\.m2\repository\org\bitbucket\b_c\jose4j\0.7.0\jose4j-0.7.0.jar;C:\Users\david\.m2\repository\org\bouncycastle\bcprov-jdk15on\1.69\bcprov-jdk15on-1.69.jar;C:\Users\david\.m2\repository\io\javalin\javalin\4.3.0\javalin-4.3.0.jar;C:\Users\david\.m2\repository\org\slf4j\slf4j-api\2.0.4\slf4j-api-2.0.4.jar;C:\Users\david\.m2\repository\org\eclipse\jetty\jetty-server\11.0.12\jetty-server-11.0.12.jar;C:\Users\david\.m2\repository\org\eclipse\jetty\toolchain\jetty-jakarta-servlet-api\5.0.2\jetty-jakarta-servlet-api-5.0.2.jar;C:\Users\david\.m2\repository\org\eclipse\jetty\jetty-http\11.0.12\jetty-http-11.0.12.jar;C:\Users\david\.m2\repository\org\eclipse\jetty\jetty-util\11.0.12\jetty-util-11.0.12.jar;C:\Users\david\.m2\repository\org\eclipse\jetty\jetty-io\11.0.12\jetty-io-11.0.12.jar;C:\Users\david\.m2\repository\org\eclipse\jetty\jetty-webapp\11.0.12\jetty-webapp-11.0.12.jar;C:\Users\david\.m2\repository\org\eclipse\jetty\jetty-servlet\11.0.12\jetty-servlet-11.0.12.jar;C:\Users\david\.m2\repository\org\eclipse\jetty\jetty-security\11.0.12\jetty-security-11.0.12.jar;C:\Users\david\.m2\repository\org\eclipse\jetty\jetty-xml\11.0.12\jetty-xml-11.0.12.jar;C:\Users\david\.m2\repository\org\eclipse\jetty\websocket\websocket-server\9.4.44.v20210927\websocket-server-9.4.44.v20210927.jar;C:\Users\david\.m2\repository\org\eclipse\jetty\websocket\websocket-common\9.4.44.v20210927\websocket-common-9.4.44.v20210927.jar;C:\Users\david\.m2\repository\org\eclipse\jetty\websocket\websocket-api\9.4.44.v20210927\websocket-api-9.4.44.v20210927.jar;C:\Users\david\.m2\repository\org\eclipse\jetty\websocket\websocket-client\9.4.44.v20210927\websocket-client-9.4.44.v20210927.jar;C:\Users\david\.m2\repository\org\eclipse\jetty\jetty-client\11.0.12\jetty-client-11.0.12.jar;C:\Users\david\.m2\repository\org\eclipse\jetty\jetty-alpn-client\11.0.12\jetty-alpn-client-11.0.12.jar;C:\Users\david\.m2\repository\org\eclipse\jetty\websocket\websocket-servlet\11.0.12\websocket-servlet-11.0.12.jar;C:\Users\david\.m2\repository\org\eclipse\jetty\websocket\websocket-core-server\11.0.12\websocket-core-server-11.0.12.jar;C:\Users\david\.m2\repository\org\eclipse\jetty\websocket\websocket-core-common\11.0.12\websocket-core-common-11.0.12.jar;C:\Users\david\.m2\repository\org\jetbrains\kotlin\kotlin-stdlib-jdk8\1.7.21\kotlin-stdlib-jdk8-1.7.21.jar;C:\Users\david\.m2\repository\org\jetbrains\kotlin\kotlin-stdlib\1.7.21\kotlin-stdlib-1.7.21.jar;C:\Users\david\.m2\repository\org\jetbrains\kotlin\kotlin-stdlib-common\1.7.21\kotlin-stdlib-common-1.7.21.jar;C:\Users\david\.m2\repository\org\jetbrains\annotations\13.0\annotations-13.0.jar;C:\Users\david\.m2\repository\org\jetbrains\kotlin\kotlin-stdlib-jdk7\1.7.21\kotlin-stdlib-jdk7-1.7.21.jar;C:\Users\david\.m2\repository\javax\persistence\javax.persistence-api\2.2\javax.persistence-api-2.2.jar;C:\Users\david\.m2\repository\com\h2database\h2\2.1.214\h2-2.1.214.jar;C:\Users\david\.m2\repository\org\apache\logging\log4j\log4j-api\2.20.0\log4j-api-2.20.0.jar;C:\Users\david\.m2\repository\org\apache\logging\log4j\log4j-core\2.20.0\log4j-core-2.20.0.jar;C:\Users\david\.m2\repository\org\apache\logging\log4j\log4j-slf4j-impl\2.20.0\log4j-slf4j-impl-2.20.0.jar;C:\Users\david\.m2\repository\org\junit\jupiter\junit-jupiter\5.8.2\junit-jupiter-5.8.2.jar;C:\Users\david\.m2\repository\org\junit\jupiter\junit-jupiter-api\5.9.1\junit-jupiter-api-5.9.1.jar;C:\Users\david\.m2\repository\org\opentest4j\opentest4j\1.2.0\opentest4j-1.2.0.jar;C:\Users\david\.m2\repository\org\junit\platform\junit-platform-commons\1.9.1\junit-platform-commons-1.9.1.jar;C:\Users\david\.m2\repository\org\apiguardian\apiguardian-api\1.1.2\apiguardian-api-1.1.2.jar;C:\Users\david\.m2\repository\org\junit\jupiter\junit-jupiter-params\5.9.1\junit-jupiter-params-5.9.1.jar;C:\Users\david\.m2\repository\org\junit\jupiter\junit-jupiter-engine\5.9.1\junit-jupiter-engine-5.9.1.jar;C:\Users\david\.m2\repository\org\junit\platform\junit-platform-engine\1.9.1\junit-platform-engine-1.9.1.jar;C:\Users\david\.m2\repository\org\mockito\mockito-core\3.12.4\mockito-core-3.12.4.jar;C:\Users\david\.m2\repository\net\bytebuddy\byte-buddy\1.12.19\byte-buddy-1.12.19.jar;C:\Users\david\.m2\repository\net\bytebuddy\byte-buddy-agent\1.12.19\byte-buddy-agent-1.12.19.jar;C:\Users\david\.m2\repository\org\objenesis\objenesis\3.2\objenesis-3.2.jar;C:\Users\david\.m2\repository\com\corundumstudio\socketio\netty-socketio\1.7.16\netty-socketio-1.7.16.jar;C:\Users\david\.m2\repository\io\netty\netty-buffer\4.1.85.Final\netty-buffer-4.1.85.Final.jar;C:\Users\david\.m2\repository\io\netty\netty-common\4.1.85.Final\netty-common-4.1.85.Final.jar;C:\Users\david\.m2\repository\io\netty\netty-transport\4.1.85.Final\netty-transport-4.1.85.Final.jar;C:\Users\david\.m2\repository\io\netty\netty-resolver\4.1.85.Final\netty-resolver-4.1.85.Final.jar;C:\Users\david\.m2\repository\io\netty\netty-handler\4.1.85.Final\netty-handler-4.1.85.Final.jar;C:\Users\david\.m2\repository\io\netty\netty-transport-native-unix-common\4.1.85.Final\netty-transport-native-unix-common-4.1.85.Final.jar;C:\Users\david\.m2\repository\io\netty\netty-codec-http\4.1.85.Final\netty-codec-http-4.1.85.Final.jar;C:\Users\david\.m2\repository\io\netty\netty-codec\4.1.85.Final\netty-codec-4.1.85.Final.jar;C:\Users\david\.m2\repository\io\netty\netty-transport-native-epoll\4.1.85.Final\netty-transport-native-epoll-4.1.85.Final.jar;C:\Users\david\.m2\repository\io\netty\netty-transport-classes-epoll\4.1.85.Final\netty-transport-classes-epoll-4.1.85.Final.jar;C:\Users\david\.m2\repository\com\fasterxml\jackson\core\jackson-core\2.14.1\jackson-core-2.14.1.jar;C:\Users\david\.m2\repository\io\netty\netty-all\4.1.63.Final\netty-all-4.1.63.Final.jar;C:\Users\david\.m2\repository\org\springframework\boot\spring-boot-starter-websocket\3.0.0\spring-boot-starter-websocket-3.0.0.jar;C:\Users\david\.m2\repository\org\springframework\spring-messaging\6.0.2\spring-messaging-6.0.2.jar;C:\Users\david\.m2\repository\org\springframework\boot\spring-boot-starter-actuator\3.0.0\spring-boot-starter-actuator-3.0.0.jar;C:\Users\david\.m2\repository\org\springframework\boot\spring-boot-actuator-autoconfigure\3.0.0\spring-boot-actuator-autoconfigure-3.0.0.jar;C:\Users\david\.m2\repository\org\springframework\boot\spring-boot-actuator\3.0.0\spring-boot-actuator-3.0.0.jar;C:\Users\david\.m2\repository\io\micrometer\micrometer-observation\1.10.2\micrometer-observation-1.10.2.jar;C:\Users\david\.m2\repository\io\micrometer\micrometer-commons\1.10.2\micrometer-commons-1.10.2.jar;C:\Users\david\.m2\repository\io\micrometer\micrometer-core\1.10.2\micrometer-core-1.10.2.jar;C:\Users\david\.m2\repository\org\hdrhistogram\HdrHistogram\2.1.12\HdrHistogram-2.1.12.jar;C:\Users\david\.m2\repository\org\latencyutils\LatencyUtils\2.0.3\LatencyUtils-2.0.3.jar;C:\Users\david\.m2\repository\org\springframework\spring-websocket\5.3.12\spring-websocket-5.3.12.jar;C:\Users\david\.m2\repository\org\springframework\spring-context\6.0.2\spring-context-6.0.2.jar;C:\Users\david\.m2\repository\org\springframework\spring-core\6.0.2\spring-core-6.0.2.jar;C:\Users\david\.m2\repository\org\springframework\spring-jcl\6.0.2\spring-jcl-6.0.2.jar;C:\Users\david\.m2\repository\com\ibm\icu\icu4j\72.1\icu4j-72.1.jar;"/>
    <property name="sun.cpu.endian" value="little"/>
    <property name="user.home" value="C:\Users\david"/>
    <property name="user.language" value="he"/>
    <property name="java.specification.vendor" value="Oracle Corporation"/>
    <property name="java.version.date" value="2022-04-22"/>
    <property name="java.home" value="C:\Program Files\Java\jdk-18.0.1.1"/>
    <property name="file.separator" value="\"/>
    <property name="basedir" value="C:\Users\david\Desktop\Semesters\SemesterF\sadna\work_git\The-Market"/>
    <property name="java.vm.compressedOopsMode" value="Zero based"/>
    <property name="line.separator" value="&#10;"/>
    <property name="java.vm.specification.vendor" value="Oracle Corporation"/>
    <property name="java.specification.name" value="Java Platform API Specification"/>
    <property name="surefire.real.class.path" value="C:\Users\david\AppData\Local\Temp\surefire16380911351631641192\surefirebooter7004286443653992588.jar"/>
    <property name="user.script" value=""/>
    <property name="sun.management.compiler" value="HotSpot 64-Bit Tiered Compilers"/>
    <property name="java.runtime.version" value="18.0.1.1+2-6"/>
    <property name="user.name" value="david"/>
    <property name="path.separator" value=";"/>
    <property name="os.version" value="10.0"/>
    <property name="java.runtime.name" value="Java(TM) SE Runtime Environment"/>
    <property name="file.encoding" value="UTF-8"/>
    <property name="java.vm.name" value="Java HotSpot(TM) 64-Bit Server VM"/>
    <property name="localRepository" value="C:\Users\david\.m2\repository"/>
    <property name="java.vendor.url.bug" value="https://bugreport.java.com/bugreport/"/>
    <property name="java.io.tmpdir" value="C:\Users\david\AppData\Local\Temp\"/>
    <property name="java.version" value="18.0.1.1"/>
    <property name="user.dir" value="C:\Users\david\Desktop\Semesters\SemesterF\sadna\work_git\The-Market"/>
    <property name="os.arch" value="amd64"/>
    <property name="java.vm.specification.name" value="Java Virtual Machine Specification"/>
    <property name="sun.os.patch.level" value=""/>
    <property name="native.encoding" value="Cp1255"/>
    <property name="java.library.path" value="C:\Program Files\Java\jdk-18.0.1.1\bin;C:\windows\Sun\Java\bin;C:\windows\system32;C:\windows;C:\Program Files\PowerShell\7;C:\Python311\Scripts\;C:\Python311\;&quot;;C:\Program Files\Java\jdk-18.0.1.1\bin&quot;;C:\Program Files\Java\jdk-18.0.1.1\bin;C:\Program Files\Java\jdk-18.0.1.1\bin;C:\Program Files\dotnet\;C:\Program Files\nodejs\;C:\ProgramData\chocolatey\bin;C:\Program Files\Git\cmd;C:\Program Files\Git\usr\bin\ssh-keygen.exe;C:\Program Files\Git\bin\cat.exe;C:\Windows\System32;C:\Users\david\Downloads;C:\Program Files\WindowsPowerShell;C:\Program Files\WindowsApps\Microsoft.DesktopAppInstaller_1.20.2201.0_x64__8wekyb3d8bbwe;C:\Users\david\AppData\Roaming\pypoetry;C:\Users\david\AppData\Roaming\pypoetry\venv\Scripts;C:\Program Files\HP\HP One Agent;C:\Program Files\PowerShell\7\;C:\Program Files\Docker\Docker\resources\bin;C:\Program Files\Maven\apache-maven-3.9.6;C:\Program Files\Maven\apache-maven-3.9.6\bin;C:\Users\david\.pyenv\pyenv-win\bin;C:\Users\david\.pyenv\pyenv-win\shims;&quot;C:\Program Files\Java\jdk-18.0.1.1\bin;&quot;;C:\Users\david\AppData\Roaming\npm;C:\Users\david\AppData\Local\Programs\Microsoft VS Code\bin;C:\Program Files\Git\usr\bin\ssh-keygen.exe;C:\Windows\System32\clip.exe;C:\Program Files\Git\bin\cat.exe;C:\Windows\System32\chcp.exe;C:\Windows\System32\cscript.exe;C:\Windows\System32;C:\Users\david\Downloads;C:\Program Files\WindowsPowerShell;C:\Program Files\WindowsApps\Microsoft.DesktopAppInstaller_1.20.2201.0_x64__8wekyb3d8bbwe;C:\Users\david\AppData\Roaming\pypoetry;C:\Users\david\AppData\Roaming\pypoetry\venv\Scripts;;C:\Program Files\JetBrains\PyCharm 2024.1\bin;;C:\Program Files\JetBrains\IntelliJ IDEA 2024.1.2\bin;;."/>
    <property name="java.vm.info" value="mixed mode, sharing"/>
    <property name="java.vendor" value="Oracle Corporation"/>
    <property name="java.vm.version" value="18.0.1.1+2-6"/>
    <property name="sun.io.unicode.encoding" value="UnicodeLittle"/>
    <property name="java.class.version" value="62.0"/>
  </properties>
  <testcase name="testCalcPriceInStore" classname="DomainLayer.Store.StoreTest" time="0.022"/>
  <testcase name="testGetProductByName" classname="DomainLayer.Store.StoreTest" time="0"/>
  <testcase name="testRemoveProduct" classname="DomainLayer.Store.StoreTest" time="0"/>
  <testcase name="testMatchProducts" classname="DomainLayer.Store.StoreTest" time="0"/>
  <testcase name="testCheckProductExists" classname="DomainLayer.Store.StoreTest" time="0"/>
  <testcase name="testUpdateProduct" classname="DomainLayer.Store.StoreTest" time="0"/>
  <testcase name="testGetProducts" classname="DomainLayer.Store.StoreTest" time="0"/>
  <testcase name="testAddProduct" classname="DomainLayer.Store.StoreTest" time="0"/>
  <testcase name="testGetIsOpened" classname="DomainLayer.Store.StoreTest" time="0.016"/>
  <testcase name="testCheckProductQuantity" classname="DomainLayer.Store.StoreTest" time="0"/>
  <testcase name="testCloseStore" classname="DomainLayer.Store.StoreTest" time="0"/>
  <testcase name="testReturnProductToStore" classname="DomainLayer.Store.StoreTest" time="0"/>
  <testcase name="testFilterProducts" classname="DomainLayer.Store.StoreTest" time="0"/>
</testsuite>